<?xml version="1.0" encoding="UTF-8"?>
<testng-results ignored="0" total="1" passed="1" failed="0" skipped="0">
  <reporter-output>
  </reporter-output>
  <suite started-at="2023-06-09T14:10:06 IST" name="Default suite" finished-at="2023-06-09T14:10:47 IST" duration-ms="41035">
    <groups>
    </groups>
    <test started-at="2023-06-09T14:10:06 IST" name="Default test" finished-at="2023-06-09T14:10:47 IST" duration-ms="41035">
      <class name="vtiger.lead_module_test.ToVerifyLeadInfoTest">
        <test-method is-config="true" signature="bsConfig()[pri:0, instance:vtiger.lead_module_test.ToVerifyLeadInfoTest@4d5650ae]" started-at="2023-06-09T14:10:06 IST" name="bsConfig" finished-at="2023-06-09T14:10:06 IST" duration-ms="18" status="PASS">
          <reporter-output>
          </reporter-output>
        </test-method> <!-- bsConfig -->
        <test-method is-config="true" signature="bcConfig()[pri:0, instance:vtiger.lead_module_test.ToVerifyLeadInfoTest@4d5650ae]" started-at="2023-06-09T14:10:06 IST" name="bcConfig" finished-at="2023-06-09T14:10:13 IST" duration-ms="6777" status="PASS">
          <reporter-output>
          </reporter-output>
        </test-method> <!-- bcConfig -->
        <test-method is-config="true" signature="bmConfig()[pri:0, instance:vtiger.lead_module_test.ToVerifyLeadInfoTest@4d5650ae]" started-at="2023-06-09T14:10:13 IST" name="bmConfig" finished-at="2023-06-09T14:10:19 IST" duration-ms="6862" status="PASS">
          <reporter-output>
          </reporter-output>
        </test-method> <!-- bmConfig -->
        <test-method signature="toCreateALeadAndToVerifyLeadInfoTest()[pri:0, instance:vtiger.lead_module_test.ToVerifyLeadInfoTest@4d5650ae]" started-at="2023-06-09T14:10:19 IST" name="toCreateALeadAndToVerifyLeadInfoTest" finished-at="2023-06-09T14:10:42 IST" duration-ms="22345" status="PASS">
          <reporter-output>
          </reporter-output>
        </test-method> <!-- toCreateALeadAndToVerifyLeadInfoTest -->
        <test-method is-config="true" signature="amConfig()[pri:0, instance:vtiger.lead_module_test.ToVerifyLeadInfoTest@4d5650ae]" started-at="2023-06-09T14:10:42 IST" name="amConfig" finished-at="2023-06-09T14:10:45 IST" duration-ms="3268" status="PASS">
          <reporter-output>
          </reporter-output>
        </test-method> <!-- amConfig -->
        <test-method is-config="true" signature="acConfig()[pri:0, instance:vtiger.lead_module_test.ToVerifyLeadInfoTest@4d5650ae]" started-at="2023-06-09T14:10:45 IST" name="acConfig" finished-at="2023-06-09T14:10:47 IST" duration-ms="1712" status="PASS">
          <reporter-output>
          </reporter-output>
        </test-method> <!-- acConfig -->
        <test-method is-config="true" signature="asConfig()[pri:0, instance:vtiger.lead_module_test.ToVerifyLeadInfoTest@4d5650ae]" started-at="2023-06-09T14:10:47 IST" name="asConfig" finished-at="2023-06-09T14:10:47 IST" duration-ms="0" status="PASS">
          <reporter-output>
          </reporter-output>
        </test-method> <!-- asConfig -->
      </class> <!-- vtiger.lead_module_test.ToVerifyLeadInfoTest -->
    </test> <!-- Default test -->
  </suite> <!-- Default suite -->
</testng-results>
