<?xml version="1.0" encoding="UTF-8"?>
<testng-results ignored="2" total="4" passed="2" failed="0" skipped="0">
  <reporter-output>
  </reporter-output>
  <suite started-at="2023-06-15T14:10:58 IST" name="Default suite" finished-at="2023-06-15T14:11:41 IST" duration-ms="43180">
    <groups>
    </groups>
    <test started-at="2023-06-15T14:10:58 IST" name="Default test" finished-at="2023-06-15T14:11:41 IST" duration-ms="43180">
      <class name="vtiger.product_module_test.ToCreateProductTest">
        <test-method is-config="true" signature="bsConfig()[pri:0, instance:vtiger.product_module_test.ToCreateProductTest@6221a451]" started-at="2023-06-15T14:10:58 IST" name="bsConfig" finished-at="2023-06-15T14:10:58 IST" duration-ms="187" status="PASS">
          <reporter-output>
          </reporter-output>
        </test-method> <!-- bsConfig -->
        <test-method is-config="true" signature="bcConfig()[pri:0, instance:vtiger.product_module_test.ToCreateProductTest@6221a451]" started-at="2023-06-15T14:10:58 IST" name="bcConfig" finished-at="2023-06-15T14:11:01 IST" duration-ms="3162" status="PASS">
          <reporter-output>
          </reporter-output>
        </test-method> <!-- bcConfig -->
        <test-method is-config="true" signature="bmConfig()[pri:0, instance:vtiger.product_module_test.ToCreateProductTest@6221a451]" started-at="2023-06-15T14:11:01 IST" name="bmConfig" finished-at="2023-06-15T14:11:04 IST" duration-ms="2732" status="PASS">
          <reporter-output>
          </reporter-output>
        </test-method> <!-- bmConfig -->
        <test-method signature="toCreateProductAndToVerifyProductName()[pri:0, instance:vtiger.product_module_test.ToCreateProductTest@6221a451]" started-at="2023-06-15T14:11:04 IST" name="toCreateProductAndToVerifyProductName" finished-at="2023-06-15T14:11:22 IST" duration-ms="17678" status="PASS">
          <reporter-output>
          </reporter-output>
        </test-method> <!-- toCreateProductAndToVerifyProductName -->
        <test-method is-config="true" signature="amConfig()[pri:0, instance:vtiger.product_module_test.ToCreateProductTest@6221a451]" started-at="2023-06-15T14:11:22 IST" name="amConfig" finished-at="2023-06-15T14:11:23 IST" duration-ms="1427" status="PASS">
          <reporter-output>
          </reporter-output>
        </test-method> <!-- amConfig -->
        <test-method is-config="true" signature="acConfig()[pri:0, instance:vtiger.product_module_test.ToCreateProductTest@6221a451]" started-at="2023-06-15T14:11:23 IST" name="acConfig" finished-at="2023-06-15T14:11:24 IST" duration-ms="642" status="PASS">
          <reporter-output>
          </reporter-output>
        </test-method> <!-- acConfig -->
        <test-method is-config="true" signature="asConfig()[pri:0, instance:vtiger.product_module_test.ToCreateProductTest@6221a451]" started-at="2023-06-15T14:11:41 IST" name="asConfig" finished-at="2023-06-15T14:11:41 IST" duration-ms="10" status="PASS">
          <reporter-output>
          </reporter-output>
        </test-method> <!-- asConfig -->
      </class> <!-- vtiger.product_module_test.ToCreateProductTest -->
      <class name="vtiger.lead_module_test.ToVerifyLeadInfoTest">
        <test-method is-config="true" signature="bcConfig()[pri:0, instance:vtiger.lead_module_test.ToVerifyLeadInfoTest@18df8434]" started-at="2023-06-15T14:11:24 IST" name="bcConfig" finished-at="2023-06-15T14:11:26 IST" duration-ms="2086" status="PASS">
          <reporter-output>
          </reporter-output>
        </test-method> <!-- bcConfig -->
        <test-method is-config="true" signature="bmConfig()[pri:0, instance:vtiger.lead_module_test.ToVerifyLeadInfoTest@18df8434]" started-at="2023-06-15T14:11:26 IST" name="bmConfig" finished-at="2023-06-15T14:11:28 IST" duration-ms="2594" status="PASS">
          <reporter-output>
          </reporter-output>
        </test-method> <!-- bmConfig -->
        <test-method signature="toCreateALeadAndToVerifyLeadInfoTest()[pri:0, instance:vtiger.lead_module_test.ToVerifyLeadInfoTest@18df8434]" started-at="2023-06-15T14:11:28 IST" name="toCreateALeadAndToVerifyLeadInfoTest" finished-at="2023-06-15T14:11:39 IST" duration-ms="10992" status="PASS">
          <reporter-output>
          </reporter-output>
        </test-method> <!-- toCreateALeadAndToVerifyLeadInfoTest -->
        <test-method is-config="true" signature="amConfig()[pri:0, instance:vtiger.lead_module_test.ToVerifyLeadInfoTest@18df8434]" started-at="2023-06-15T14:11:39 IST" name="amConfig" finished-at="2023-06-15T14:11:40 IST" duration-ms="1143" status="PASS">
          <reporter-output>
          </reporter-output>
        </test-method> <!-- amConfig -->
        <test-method is-config="true" signature="acConfig()[pri:0, instance:vtiger.lead_module_test.ToVerifyLeadInfoTest@18df8434]" started-at="2023-06-15T14:11:40 IST" name="acConfig" finished-at="2023-06-15T14:11:41 IST" duration-ms="526" status="PASS">
          <reporter-output>
          </reporter-output>
        </test-method> <!-- acConfig -->
      </class> <!-- vtiger.lead_module_test.ToVerifyLeadInfoTest -->
    </test> <!-- Default test -->
  </suite> <!-- Default suite -->
</testng-results>
