<?xml version="1.0" encoding="UTF-8"?>
<!-- Generated by org.testng.reporters.JUnitXMLReporter -->
<testsuite ignored="2" hostname="TYC1121225" failures="0" tests="2" name="Default test" time="43.18" errors="0" timestamp="2023-06-15T14:11:41 IST">
  <testcase classname="vtiger.product_module_test.ToCreateProductTest" name="toCreateProductAndToVerifyProductName" time="17.678"/>
  <testcase classname="vtiger.lead_module_test.ToVerifyLeadInfoTest" name="toCreateALeadAndToVerifyLeadInfoTest" time="10.992"/>
  <testcase classname="vtiger.genericUtility.BaseClass" name="@BeforeSuite bsConfig" time="0.0">
    <ignored/>
  </testcase> <!-- @BeforeSuite bsConfig -->
  <testcase classname="vtiger.genericUtility.BaseClass" name="@AfterSuite asConfig" time="0.0">
    <ignored/>
  </testcase> <!-- @AfterSuite asConfig -->
</testsuite> <!-- Default test -->
